<?xml version="1.0" encoding="UTF-8"?>
<!-- Generated by org.testng.reporters.JUnitReportReporter -->
<testsuite hostname="DESKTOP-MIP9Q7H" failures="0" tests="1" name="Tests.operaU" time="0.238" errors="0" timestamp="2021-12-17T20:44:56 CET" skipped="0">
  <testcase classname="Tests.operaU" name="LoginU1" time="0.238"/>
  <system-out/>
</testsuite> <!-- Tests.operaU -->
