<?xml version="1.0" encoding="UTF-8"?>
<!-- Generated by org.testng.reporters.JUnitReportReporter -->
<testsuite hostname="DESKTOP-MIP9Q7H" failures="0" tests="4" name="Tests.operaNU" time="0.972" errors="0" timestamp="2021-12-17T20:52:41 CET" skipped="0">
  <testcase classname="Tests.operaNU" name="LoginNU2" time="0.196"/>
  <system-out/>
  <testcase classname="Tests.operaNU" name="LoginNU3" time="0.220"/>
  <system-out/>
  <testcase classname="Tests.operaNU" name="LoginNU1" time="0.236"/>
  <system-out/>
  <testcase classname="Tests.operaNU" name="LoginNU4" time="0.320"/>
  <system-out/>
</testsuite> <!-- Tests.operaNU -->
