<?xml version="1.0" encoding="UTF-8"?>
<!-- Generated by org.testng.reporters.JUnitReportReporter -->
<testsuite hostname="DESKTOP-MIP9Q7H" failures="0" tests="1" name="Tests.EdgeU" time="0.252" errors="0" timestamp="2021-12-17T21:21:48 CET" skipped="0">
  <testcase classname="Tests.EdgeU" name="LoginU1" time="0.252"/>
  <system-out/>
</testsuite> <!-- Tests.EdgeU -->
