<?xml version="1.0" encoding="UTF-8"?>
<!-- Generated by org.testng.reporters.JUnitReportReporter -->
<testsuite hostname="DESKTOP-MIP9Q7H" failures="0" tests="4" name="Tests.EdgeNeU" time="1.053" errors="0" timestamp="2021-12-17T21:00:55 CET" skipped="0">
  <testcase classname="Tests.EdgeNeU" name="LoginNU4" time="0.378"/>
  <system-out/>
  <testcase classname="Tests.EdgeNeU" name="LoginNU3" time="0.197"/>
  <system-out/>
  <testcase classname="Tests.EdgeNeU" name="LoginNU1" time="0.271"/>
  <system-out/>
  <testcase classname="Tests.EdgeNeU" name="LoginNU2" time="0.207"/>
  <system-out/>
</testsuite> <!-- Tests.EdgeNeU -->
