<?xml version="1.0" encoding="UTF-8"?>
<!-- Generated by org.testng.reporters.JUnitReportReporter -->
<testsuite hostname="DESKTOP-MIP9Q7H" failures="0" tests="2" name="UspesnoOtvaranjeKonkursa" time="3.983" errors="0" timestamp="2021-12-17T17:20:23 CET" skipped="0">
  <testcase classname="UspesnoOtvaranjeKonkursa" name="OtvaranjeKonkursaTest2" time="1.641"/>
  <system-out/>
  <testcase classname="UspesnoOtvaranjeKonkursa" name="OtvaranjeKonkursaTest1" time="2.342"/>
  <system-out/>
</testsuite> <!-- UspesnoOtvaranjeKonkursa -->
