<?xml version="1.0" encoding="UTF-8"?>
<!-- Generated by org.testng.reporters.JUnitReportReporter -->
<testsuite hostname="DESKTOP-MIP9Q7H" failures="0" tests="3" name="Tests.UspesnoOtvaranjeKonkursa" time="1.153" errors="0" timestamp="2021-12-17T21:21:22 CET" skipped="0">
  <testcase classname="Tests.UspesnoOtvaranjeKonkursa" name="OtvaranjeKonkursaTest3" time="0.460"/>
  <system-out/>
  <testcase classname="Tests.UspesnoOtvaranjeKonkursa" name="OtvaranjeKonkursaTest1" time="0.366"/>
  <system-out/>
  <testcase classname="Tests.UspesnoOtvaranjeKonkursa" name="OtvaranjeKonkursaTest2" time="0.327"/>
  <system-out/>
</testsuite> <!-- Tests.UspesnoOtvaranjeKonkursa -->
